c:\users\acer\source\repos\battletanks\lesson05\debug\vc141.pdb
c:\users\acer\source\repos\battletanks\lesson05\debug\vc141.idb
c:\users\acer\source\repos\battletanks\lesson05\debug\player.obj
c:\users\acer\source\repos\battletanks\lesson05\debug\peluru.obj
c:\users\acer\source\repos\battletanks\lesson05\debug\main.obj
c:\users\acer\source\repos\battletanks\lesson05\debug\game.obj
c:\users\acer\source\repos\battletanks\lesson05\debug\enemy.obj
c:\users\acer\source\repos\battletanks\lesson05\debug\demo.obj
c:\users\acer\source\repos\battletanks\lesson05\debug\tiles.obj
c:\users\acer\source\repos\battletanks\lesson05\debug\map.obj
c:\users\acer\source\repos\battletanks\lesson05\debug\menu.obj
c:\users\acer\source\repos\battletanks\debug\lesson05.ilk
c:\users\acer\source\repos\battletanks\debug\lesson05.exe
c:\users\acer\source\repos\battletanks\debug\lesson05.pdb
c:\users\acer\source\repos\battletanks\lesson05\debug\map.obj.enc
c:\users\acer\source\repos\battletanks\lesson05\debug\demo.nativecodeanalysis.xml
c:\users\acer\source\repos\battletanks\lesson05\debug\enemy.nativecodeanalysis.xml
c:\users\acer\source\repos\battletanks\lesson05\debug\game.nativecodeanalysis.xml
c:\users\acer\source\repos\battletanks\lesson05\debug\main.nativecodeanalysis.xml
c:\users\acer\source\repos\battletanks\lesson05\debug\map.nativecodeanalysis.xml
c:\users\acer\source\repos\battletanks\lesson05\debug\peluru.nativecodeanalysis.xml
c:\users\acer\source\repos\battletanks\lesson05\debug\player.nativecodeanalysis.xml
c:\users\acer\source\repos\battletanks\lesson05\debug\lesson05.tlog\cl.command.1.tlog
c:\users\acer\source\repos\battletanks\lesson05\debug\lesson05.tlog\cl.read.1.tlog
c:\users\acer\source\repos\battletanks\lesson05\debug\lesson05.tlog\cl.write.1.tlog
c:\users\acer\source\repos\battletanks\lesson05\debug\lesson05.tlog\link.command.1.tlog
c:\users\acer\source\repos\battletanks\lesson05\debug\lesson05.tlog\link.read.1.tlog
c:\users\acer\source\repos\battletanks\lesson05\debug\lesson05.tlog\link.write.1.tlog
