C:\Program Files (x86)\Microsoft Visual Studio\2017\Community\Common7\IDE\VC\VCTargets\Microsoft.CppBuild.targets(391,5): warning MSB8028: The intermediate directory (Debug\) contains files shared from another project (Lesson05.vcxproj).  This can lead to incorrect clean and rebuild behavior.
  Demo.cpp
c:\users\acer\source\repos\projectskripsi\lesson05\peluru.h(13): warning C4005: 'SPEED': macro redefinition
  c:\users\acer\source\repos\projectskripsi\lesson05\enemy.h(15): note: see previous definition of 'SPEED'
c:\users\acer\source\repos\projectskripsi\lesson05\tiles.h(20): warning C4305: 'initializing': truncation from 'double' to 'float'
c:\users\acer\source\repos\projectskripsi\lesson05\tiles.h(21): warning C4305: 'initializing': truncation from 'double' to 'float'
c:\users\acer\source\repos\projectskripsi\lesson05\menu.h(15): warning C4005: 'SPEED': macro redefinition
  c:\users\acer\source\repos\projectskripsi\lesson05\peluru.h(13): note: see previous definition of 'SPEED'
c:\users\acer\source\repos\projectskripsi\lesson05\loading.h(13): warning C4005: 'SPEED': macro redefinition
  c:\users\acer\source\repos\projectskripsi\lesson05\menu.h(15): note: see previous definition of 'SPEED'
c:\users\acer\source\repos\projectskripsi\lesson05\demo.h(24): warning C4005: 'SPEED': macro redefinition
  c:\users\acer\source\repos\projectskripsi\lesson05\loading.h(13): note: see previous definition of 'SPEED'
c:\users\acer\source\repos\projectskripsi\lesson05\demo.cpp(18): warning C4305: 'initializing': truncation from 'double' to 'float'
c:\users\acer\source\repos\projectskripsi\lesson05\demo.cpp(19): warning C4305: 'initializing': truncation from 'double' to 'float'
c:\users\acer\source\repos\projectskripsi\lesson05\demo.cpp(528): warning C4305: 'argument': truncation from 'double' to 'float'
c:\users\acer\source\repos\projectskripsi\lesson05\demo.cpp(529): warning C4305: '-=': truncation from 'double' to 'float'
c:\users\acer\source\repos\projectskripsi\lesson05\demo.cpp(531): warning C4305: 'argument': truncation from 'double' to 'float'
c:\users\acer\source\repos\projectskripsi\lesson05\demo.cpp(532): warning C4305: '-=': truncation from 'double' to 'float'
c:\users\acer\source\repos\projectskripsi\lesson05\demo.cpp(583): warning C4305: 'argument': truncation from 'double' to 'float'
c:\users\acer\source\repos\projectskripsi\lesson05\demo.cpp(584): warning C4305: '-=': truncation from 'double' to 'float'
c:\users\acer\source\repos\projectskripsi\lesson05\demo.cpp(586): warning C4305: 'argument': truncation from 'double' to 'float'
c:\users\acer\source\repos\projectskripsi\lesson05\demo.cpp(587): warning C4305: '-=': truncation from 'double' to 'float'
c:\users\acer\source\repos\projectskripsi\lesson05\demo.cpp(641): warning C4305: '-=': truncation from 'double' to 'float'
c:\users\acer\source\repos\projectskripsi\lesson05\demo.cpp(643): warning C4305: '-=': truncation from 'double' to 'float'
c:\users\acer\source\repos\projectskripsi\lesson05\demo.cpp(646): warning C4305: 'argument': truncation from 'double' to 'float'
c:\users\acer\source\repos\projectskripsi\lesson05\demo.cpp(647): warning C4305: '-=': truncation from 'double' to 'float'
c:\users\acer\source\repos\projectskripsi\lesson05\demo.cpp(705): warning C4305: '-=': truncation from 'double' to 'float'
c:\users\acer\source\repos\projectskripsi\lesson05\demo.cpp(707): warning C4305: '-=': truncation from 'double' to 'float'
c:\users\acer\source\repos\projectskripsi\lesson05\demo.cpp(710): warning C4305: 'argument': truncation from 'double' to 'float'
c:\users\acer\source\repos\projectskripsi\lesson05\demo.cpp(711): warning C4305: '-=': truncation from 'double' to 'float'
c:\users\acer\source\repos\projectskripsi\lesson05\demo.cpp(774): warning C4305: 'argument': truncation from 'double' to 'float'
c:\users\acer\source\repos\projectskripsi\lesson05\demo.cpp(775): warning C4305: '-=': truncation from 'double' to 'float'
c:\users\acer\source\repos\projectskripsi\lesson05\demo.cpp(777): warning C4305: 'argument': truncation from 'double' to 'float'
c:\users\acer\source\repos\projectskripsi\lesson05\demo.cpp(778): warning C4305: '-=': truncation from 'double' to 'float'
c:\users\acer\source\repos\projectskripsi\lesson05\demo.cpp(831): warning C4305: 'argument': truncation from 'double' to 'float'
c:\users\acer\source\repos\projectskripsi\lesson05\demo.cpp(832): warning C4305: '-=': truncation from 'double' to 'float'
c:\users\acer\source\repos\projectskripsi\lesson05\demo.cpp(834): warning C4305: 'argument': truncation from 'double' to 'float'
c:\users\acer\source\repos\projectskripsi\lesson05\demo.cpp(835): warning C4305: '-=': truncation from 'double' to 'float'
c:\users\acer\source\repos\projectskripsi\lesson05\demo.cpp(888): warning C4305: 'argument': truncation from 'double' to 'float'
c:\users\acer\source\repos\projectskripsi\lesson05\demo.cpp(889): warning C4305: '-=': truncation from 'double' to 'float'
c:\users\acer\source\repos\projectskripsi\lesson05\demo.cpp(891): warning C4305: 'argument': truncation from 'double' to 'float'
c:\users\acer\source\repos\projectskripsi\lesson05\demo.cpp(892): warning C4305: '-=': truncation from 'double' to 'float'
c:\users\acer\source\repos\projectskripsi\lesson05\demo.cpp(1133): warning C4305: '=': truncation from 'double' to 'float'
c:\users\acer\source\repos\projectskripsi\lesson05\demo.cpp(1134): warning C4305: '=': truncation from 'double' to 'float'
c:\users\acer\source\repos\projectskripsi\lesson05\demo.cpp(1135): warning C4305: '=': truncation from 'double' to 'float'
c:\users\acer\source\repos\projectskripsi\lesson05\demo.cpp(1138): warning C4305: '=': truncation from 'double' to 'float'
c:\users\acer\source\repos\projectskripsi\lesson05\demo.cpp(1139): warning C4305: '=': truncation from 'double' to 'float'
c:\users\acer\source\repos\projectskripsi\lesson05\demo.cpp(1140): warning C4305: '=': truncation from 'double' to 'float'
c:\users\acer\source\repos\projectskripsi\lesson05\demo.cpp(1143): warning C4305: '=': truncation from 'double' to 'float'
c:\users\acer\source\repos\projectskripsi\lesson05\demo.cpp(1144): warning C4305: '=': truncation from 'double' to 'float'
c:\users\acer\source\repos\projectskripsi\lesson05\demo.cpp(1145): warning C4305: '=': truncation from 'double' to 'float'
c:\users\acer\source\repos\projectskripsi\lesson05\demo.cpp(1271): warning C4244: 'argument': conversion from 'int' to 'GLfloat', possible loss of data
c:\users\acer\source\repos\projectskripsi\lesson05\demo.cpp(1274): warning C4244: 'argument': conversion from 'float' to 'GLint', possible loss of data
  Lesson05.vcxproj -> C:\Users\ACER\source\repos\ProjectSkripsi\ProjectSkripsi\Debug\BattleTank.exe
